<?xml version="1.0" encoding="UTF-8"?>
<robot generator="Robot 5.0 (Python 3.10.4 on win32)" generated="20220506 17:26:24.219" rpa="false" schemaversion="3">
<suite id="s1" name="Demo10 Tabs Suite" source="C:\LT6\robot_Project\selenium_suit\demo10_tabs_suite.robot">
<test id="s1-t1" name="TC1" line="6">
<kw name="Append To Environment Variable" library="OperatingSystem">
<arg>path</arg>
<arg>C:\\LT6\\driver</arg>
<doc>Appends given ``values`` to environment variable ``name``.</doc>
<msg timestamp="20220506 17:26:24.718" level="INFO">Environment variable 'path' set to value 'C:\Program Files\Common Files\Oracle\Java\javapath;C:\WINDOWS\system32;C:\WINDOWS;C:\WINDOWS\System32\Wbem;C:\WINDOWS\System32\WindowsPowerShell\v1.0\;C:\WINDOWS\System32\OpenSSH\;C:\Program Files (x86)\Intel\Intel(R) Management Engine Components\DAL;C:\Program Files\Intel\Intel(R) Management Engine Components\DAL;C:\MinGW\bin;C:\Program Files\Git\cmd;C:\Users\MANOJ\AppData\Local\Programs\Python\Python310\Scripts\;C:\Users\MANOJ\AppData\Local\Programs\Python\Python310\;C:\Users\MANOJ\AppData\Local\Microsoft\WindowsApps;;C:\Users\MANOJ\AppData\Local\Programs\Microsoft VS Code\bin;C:\LT6\driver'.</msg>
<status status="PASS" starttime="20220506 17:26:24.717" endtime="20220506 17:26:24.718"/>
</kw>
<kw name="Open Browser" library="SeleniumLibrary">
<arg>browser=chrome</arg>
<doc>Opens a new browser instance to the optional ``url``.</doc>
<msg timestamp="20220506 17:26:24.718" level="INFO">Opening browser 'chrome' to base url 'None'.</msg>
<status status="PASS" starttime="20220506 17:26:24.718" endtime="20220506 17:26:28.632"/>
</kw>
<kw name="Maximize Browser Window" library="SeleniumLibrary">
<doc>Maximizes current browser window.</doc>
<status status="PASS" starttime="20220506 17:26:28.636" endtime="20220506 17:26:28.950"/>
</kw>
<kw name="Set Selenium Implicit Wait" library="SeleniumLibrary">
<arg>30s</arg>
<doc>Sets the implicit wait value used by Selenium.</doc>
<status status="PASS" starttime="20220506 17:26:28.950" endtime="20220506 17:26:29.035"/>
</kw>
<kw name="Go To" library="SeleniumLibrary">
<arg>url=https://smallpdf.com/pdf-to-word</arg>
<doc>Navigates the current browser window to the provided ``url``.</doc>
<msg timestamp="20220506 17:26:29.056" level="INFO">Opening url 'https://smallpdf.com/pdf-to-word'</msg>
<status status="PASS" starttime="20220506 17:26:29.056" endtime="20220506 17:26:33.893"/>
</kw>
<kw name="Click Element" library="SeleniumLibrary">
<arg>xpath=//span[text()='Got it']</arg>
<doc>Click the element identified by ``locator``.</doc>
<msg timestamp="20220506 17:26:33.897" level="INFO">Clicking element 'xpath=//span[text()='Got it']'.</msg>
<status status="PASS" starttime="20220506 17:26:33.897" endtime="20220506 17:26:34.555"/>
</kw>
<kw name="Choose File" library="SeleniumLibrary">
<arg>xpath=//input[@type='file']</arg>
<arg>C:\\Users\\MANOJ\\Downloads\\Andries_P._Engelbrecht_Computational_IntelligencBookZZ.org.pdf</arg>
<doc>Inputs the ``file_path`` into the file input field ``locator``.</doc>
<msg timestamp="20220506 17:26:34.567" level="INFO">Sending C:\Users\MANOJ\Downloads\Andries_P._Engelbrecht_Computational_IntelligencBookZZ.org.pdf to browser.</msg>
<status status="PASS" starttime="20220506 17:26:34.567" endtime="20220506 17:26:34.823"/>
</kw>
<status status="PASS" starttime="20220506 17:26:24.716" endtime="20220506 17:26:34.841"/>
</test>
<status status="PASS" starttime="20220506 17:26:24.224" endtime="20220506 17:26:34.841"/>
</suite>
<statistics>
<total>
<stat pass="1" fail="0" skip="0">All Tests</stat>
</total>
<tag>
</tag>
<suite>
<stat pass="1" fail="0" skip="0" id="s1" name="Demo10 Tabs Suite">Demo10 Tabs Suite</stat>
</suite>
</statistics>
<errors>
</errors>
</robot>
