<?xml version="1.0" encoding="UTF-8"?>
<robot generator="Robot 5.0 (Python 3.10.4 on win32)" generated="20220509 09:21:43.726" rpa="false" schemaversion="3">
<suite id="s1" name="Demo1" source="C:\LT6\robot_Project\appiumSuite\demo1.robot">
<test id="s1-t1" name="TC1" line="5">
<kw name="Open Application" library="AppiumLibrary">
<arg>remote_url=http://hub-cloud.browserstack.com/wd/hub</arg>
<arg>browserstack.user=manojparvis_zSVaI6</arg>
<arg>browserstack.key=M9dRwaLXVBvhP7qsDrPU</arg>
<arg>app=bs://ceb84225d81d45c772909507e03b07142356b640</arg>
<arg>device=Google Pixel 3</arg>
<arg>os_version=9.0</arg>
<arg>project=lt6_project</arg>
<arg>build=lt6_build</arg>
<arg>name=khanacademy test</arg>
<doc>Opens a new application to given Appium server.
Capabilities of appium server, Android and iOS,
Please check https://github.com/appium/appium/blob/master/docs/en/writing-running-appium/server-args.md
| *Option*            | *Man.* | *Description*     |
| remote_url          | Yes    | Appium server url |
| alias               | no     | alias             |</doc>
<status status="PASS" starttime="20220509 09:21:44.201" endtime="20220509 09:22:14.188"/>
</kw>
<kw name="Get Source" library="AppiumLibrary">
<var>${app_source}</var>
<doc>Returns the entire source of the current page.</doc>
<msg timestamp="20220509 09:22:14.977" level="INFO">${app_source} = &lt;?xml version='1.0' encoding='UTF-8' standalone='yes' ?&gt;
&lt;hierarchy index="0" class="hierarchy" rotation="0" width="1080" height="2028"&gt;
  &lt;android.widget.FrameLayout index="0" package="org.khanacad...</msg>
<status status="PASS" starttime="20220509 09:22:14.189" endtime="20220509 09:22:14.977"/>
</kw>
<kw name="Log" library="BuiltIn">
<arg>${app_source}</arg>
<doc>Logs the given message with the given level.</doc>
<msg timestamp="20220509 09:22:14.979" level="INFO">&lt;?xml version='1.0' encoding='UTF-8' standalone='yes' ?&gt;
&lt;hierarchy index="0" class="hierarchy" rotation="0" width="1080" height="2028"&gt;
  &lt;android.widget.FrameLayout index="0" package="org.khanacademy.android" class="android.widget.FrameLayout" text="" checkable="false" checked="false" clickable="false" enabled="true" focusable="false" focused="false" long-clickable="false" password="false" scrollable="false" selected="false" bounds="[0,0][1080,2028]" displayed="true"&gt;
    &lt;android.widget.LinearLayout index="0" package="org.khanacademy.android" class="android.widget.LinearLayout" text="" checkable="false" checked="false" clickable="false" enabled="true" focusable="false" focused="false" long-clickable="false" password="false" scrollable="false" selected="false" bounds="[0,0][1080,2028]" displayed="true"&gt;
      &lt;android.widget.FrameLayout index="0" package="org.khanacademy.android" class="android.widget.FrameLayout" text="" checkable="false" checked="false" clickable="false" enabled="true" focusable="false" focused="false" long-clickable="false" password="false" scrollable="false" selected="false" bounds="[0,66][1080,2028]" displayed="true"&gt;
        &lt;android.widget.FrameLayout index="0" package="org.khanacademy.android" class="android.widget.FrameLayout" text="" resource-id="org.khanacademy.android:id/action_bar_root" checkable="false" checked="false" clickable="false" enabled="true" focusable="false" focused="false" long-clickable="false" password="false" scrollable="false" selected="false" bounds="[0,66][1080,2028]" displayed="true"&gt;
          &lt;android.widget.FrameLayout index="0" package="org.khanacademy.android" class="android.widget.FrameLayout" text="" resource-id="android:id/content" checkable="false" checked="false" clickable="false" enabled="true" focusable="false" focused="false" long-clickable="false" password="false" scrollable="false" selected="false" bounds="[0,66][1080,2028]" displayed="true"&gt;
            &lt;android.widget.LinearLayout index="0" package="org.khanacademy.android" class="android.widget.LinearLayout" text="" checkable="false" checked="false" clickable="false" enabled="true" focusable="false" focused="false" long-clickable="false" password="false" scrollable="false" selected="false" bounds="[0,66][1080,2028]" displayed="true"&gt;
              &lt;android.widget.FrameLayout index="0" package="org.khanacademy.android" class="android.widget.FrameLayout" text="" resource-id="org.khanacademy.android:id/content" checkable="false" checked="false" clickable="false" enabled="true" focusable="false" focused="false" long-clickable="false" password="false" scrollable="false" selected="false" bounds="[0,66][1080,1896]" displayed="true"&gt;
                &lt;android.widget.FrameLayout index="0" package="org.khanacademy.android" class="android.widget.FrameLayout" text="" resource-id="org.khanacademy.android:id/content_root" checkable="false" checked="false" clickable="false" enabled="true" focusable="false" focused="false" long-clickable="false" password="false" scrollable="false" selected="false" bounds="[0,66][1080,1896]" displayed="true"&gt;
                  &lt;android.widget.FrameLayout index="0" package="org.khanacademy.android" class="android.widget.FrameLayout" text="" checkable="false" checked="false" clickable="false" enabled="true" focusable="false" focused="false" long-clickable="false" password="false" scrollable="false" selected="false" bounds="[0,66][1080,1896]" displayed="true" /&gt;
                &lt;/android.widget.FrameLayout&gt;
              &lt;/android.widget.FrameLayout&gt;
              &lt;android.widget.LinearLayout index="1" package="org.khanacademy.android" class="android.widget.LinearLayout" text="" resource-id="org.khanacademy.android:id/tabs" checkable="false" checked="false" clickable="false" enabled="true" focusable="false" focused="false" long-clickable="false" password="false" scrollable="false" selected="false" bounds="[0,1896][1080,2028]" displayed="true"&gt;
                &lt;android.widget.Button index="0" package="org.khanacademy.android" class="android.widget.Button" text="Home" content-desc="Explore tab" resource-id="org.khanacademy.android:id/tab_bar_button_home" checkable="false" checked="false" clickable="true" enabled="true" focusable="true" focused="false" long-clickable="false" password="false" scrollable="false" selected="true" bounds="[0,1907][360,2022]" displayed="true" /&gt;
                &lt;android.widget.Button index="1" package="org.khanacademy.android" class="android.widget.Button" text="Search" content-desc="Search tab" resource-id="org.khanacademy.android:id/tab_bar_button_search" checkable="false" checked="false" clickable="true" enabled="true" focusable="true" focused="false" long-clickable="false" password="false" scrollable="false" selected="false" bounds="[360,1907][720,2022]" displayed="true" /&gt;
                &lt;android.widget.Button index="2" package="org.khanacademy.android" class="android.widget.Button" text="Bookmarks" content-desc="Bookmarks tab" resource-id="org.khanacademy.android:id/tab_bar_button_bookmarks" checkable="false" checked="false" clickable="true" enabled="true" focusable="true" focused="false" long-clickable="false" password="false" scrollable="false" selected="false" bounds="[720,1907][1080,2022]" displayed="true" /&gt;
              &lt;/android.widget.LinearLayout&gt;
            &lt;/android.widget.LinearLayout&gt;
          &lt;/android.widget.FrameLayout&gt;
        &lt;/android.widget.FrameLayout&gt;
      &lt;/android.widget.FrameLayout&gt;
    &lt;/android.widget.LinearLayout&gt;
  &lt;/android.widget.FrameLayout&gt;
&lt;/hierarchy&gt;</msg>
<status status="PASS" starttime="20220509 09:22:14.977" endtime="20220509 09:22:14.979"/>
</kw>
<kw name="Close Application" library="AppiumLibrary">
<doc>Closes the current application and also close webdriver session.</doc>
<status status="PASS" starttime="20220509 09:22:14.980" endtime="20220509 09:22:16.512"/>
</kw>
<status status="PASS" starttime="20220509 09:21:44.197" endtime="20220509 09:22:16.513"/>
</test>
<status status="PASS" starttime="20220509 09:21:43.730" endtime="20220509 09:22:16.516"/>
</suite>
<statistics>
<total>
<stat pass="1" fail="0" skip="0">All Tests</stat>
</total>
<tag>
</tag>
<suite>
<stat pass="1" fail="0" skip="0" id="s1" name="Demo1">Demo1</stat>
</suite>
</statistics>
<errors>
</errors>
</robot>
