<?xml version="1.0" encoding="UTF-8"?>
<robot generator="Robot 5.0 (Python 3.10.4 on win32)" generated="20220506 14:19:21.362" rpa="false" schemaversion="3">
<suite id="s1" name="Demo6 Tabs Suite" source="C:\LT6\robot_Project\selenium_suit\demo6_tabs_suite.robot">
<test id="s1-t1" name="TC1" line="6">
<kw name="Append To Environment Variable" library="OperatingSystem">
<arg>path</arg>
<arg>C:\\LT6\\driver</arg>
<doc>Appends given ``values`` to environment variable ``name``.</doc>
<msg timestamp="20220506 14:19:21.690" level="INFO">Environment variable 'path' set to value 'C:\Program Files\Common Files\Oracle\Java\javapath;C:\WINDOWS\system32;C:\WINDOWS;C:\WINDOWS\System32\Wbem;C:\WINDOWS\System32\WindowsPowerShell\v1.0\;C:\WINDOWS\System32\OpenSSH\;C:\Program Files (x86)\Intel\Intel(R) Management Engine Components\DAL;C:\Program Files\Intel\Intel(R) Management Engine Components\DAL;C:\MinGW\bin;C:\Program Files\Git\cmd;C:\Users\MANOJ\AppData\Local\Programs\Python\Python310\Scripts\;C:\Users\MANOJ\AppData\Local\Programs\Python\Python310\;C:\Users\MANOJ\AppData\Local\Microsoft\WindowsApps;;C:\Users\MANOJ\AppData\Local\Programs\Microsoft VS Code\bin;C:\LT6\driver'.</msg>
<status status="PASS" starttime="20220506 14:19:21.690" endtime="20220506 14:19:21.690"/>
</kw>
<kw name="Open Browser" library="SeleniumLibrary">
<arg>browser=chrome</arg>
<doc>Opens a new browser instance to the optional ``url``.</doc>
<msg timestamp="20220506 14:19:21.690" level="INFO">Opening browser 'chrome' to base url 'None'.</msg>
<status status="PASS" starttime="20220506 14:19:21.690" endtime="20220506 14:19:23.567"/>
</kw>
<kw name="Maximize Browser Window" library="SeleniumLibrary">
<doc>Maximizes current browser window.</doc>
<status status="PASS" starttime="20220506 14:19:23.568" endtime="20220506 14:19:23.722"/>
</kw>
<kw name="Set Selenium Implicit Wait" library="SeleniumLibrary">
<arg>30s</arg>
<doc>Sets the implicit wait value used by Selenium.</doc>
<status status="PASS" starttime="20220506 14:19:23.722" endtime="20220506 14:19:23.722"/>
</kw>
<kw name="Go To" library="SeleniumLibrary">
<arg>url=https://www.db4free.net/</arg>
<doc>Navigates the current browser window to the provided ``url``.</doc>
<msg timestamp="20220506 14:19:23.722" level="INFO">Opening url 'https://www.db4free.net/'</msg>
<status status="PASS" starttime="20220506 14:19:23.722" endtime="20220506 14:19:28.010"/>
</kw>
<kw name="Click Element" library="SeleniumLibrary">
<arg>partial link=phpMyAdmin</arg>
<doc>Click the element identified by ``locator``.</doc>
<msg timestamp="20220506 14:19:28.013" level="INFO">Clicking element 'partial link=phpMyAdmin'.</msg>
<status status="PASS" starttime="20220506 14:19:28.011" endtime="20220506 14:19:28.158"/>
</kw>
<kw name="Switch Window" library="SeleniumLibrary">
<arg>phpMyAdmin</arg>
<doc>Switches to browser window matching ``locator``.</doc>
<status status="PASS" starttime="20220506 14:19:28.159" endtime="20220506 14:19:31.876"/>
</kw>
<kw name="Input Text" library="SeleniumLibrary">
<arg>id=input_username</arg>
<arg>admin</arg>
<doc>Types the given ``text`` into the text field identified by ``locator``.</doc>
<msg timestamp="20220506 14:19:31.877" level="INFO">Typing text 'admin' into text field 'id=input_username'.</msg>
<status status="PASS" starttime="20220506 14:19:31.876" endtime="20220506 14:19:32.022"/>
</kw>
<kw name="Input Password" library="SeleniumLibrary">
<arg>id=input_password</arg>
<arg>qwerty</arg>
<doc>Types the given password into the text field identified by ``locator``.</doc>
<msg timestamp="20220506 14:19:32.024" level="INFO">Typing password into text field 'id=input_password'.</msg>
<msg timestamp="20220506 14:19:32.070" level="INFO">Temporally setting log level to: NONE</msg>
<msg timestamp="20220506 14:19:32.142" level="INFO">Log level changed from NONE to INFO.</msg>
<status status="PASS" starttime="20220506 14:19:32.023" endtime="20220506 14:19:32.142"/>
</kw>
<kw name="Click Element" library="SeleniumLibrary">
<arg>id=input_go</arg>
<doc>Click the element identified by ``locator``.</doc>
<msg timestamp="20220506 14:19:32.143" level="INFO">Clicking element 'id=input_go'.</msg>
<status status="PASS" starttime="20220506 14:19:32.143" endtime="20220506 14:19:33.033"/>
</kw>
<kw name="Element Should Contain" library="SeleniumLibrary">
<arg>xpath=(//div[@role='alert'])[3]</arg>
<arg>Access denied for users</arg>
<doc>Verifies that element ``locator`` contains text ``expected``.</doc>
<msg timestamp="20220506 14:19:33.348" level="INFO" html="true">&lt;/td&gt;&lt;/tr&gt;&lt;tr&gt;&lt;td colspan="3"&gt;&lt;a href="selenium-screenshot-19.png"&gt;&lt;img src="selenium-screenshot-19.png" width="800px"&gt;&lt;/a&gt;</msg>
<msg timestamp="20220506 14:19:33.349" level="FAIL">Element 'xpath=(//div[@role='alert'])[3]' should have contained text 'Access denied for users' but its text was 'Error 1045: Access denied for user. Additional error information may be available, but is being hidden by the $cfg['Servers'][$i]['hide_connection_errors'] configuration directive.'.</msg>
<status status="FAIL" starttime="20220506 14:19:33.034" endtime="20220506 14:19:33.352"/>
</kw>
<status status="FAIL" starttime="20220506 14:19:21.690" endtime="20220506 14:19:33.353">Element 'xpath=(//div[@role='alert'])[3]' should have contained text 'Access denied for users' but its text was 'Error 1045: Access denied for user. Additional error information may be available, but is being hidden by the $cfg['Servers'][$i]['hide_connection_errors'] configuration directive.'.</status>
</test>
<status status="FAIL" starttime="20220506 14:19:21.362" endtime="20220506 14:19:33.355"/>
</suite>
<statistics>
<total>
<stat pass="0" fail="1" skip="0">All Tests</stat>
</total>
<tag>
</tag>
<suite>
<stat pass="0" fail="1" skip="0" id="s1" name="Demo6 Tabs Suite">Demo6 Tabs Suite</stat>
</suite>
</statistics>
<errors>
</errors>
</robot>
