<?xml version="1.0" encoding="UTF-8"?>
<robot generator="Robot 5.0 (Python 3.10.4 on win32)" generated="20220506 09:45:25.535" rpa="false" schemaversion="3">
<suite id="s1" name="Demo4 Suite" source="C:\LT6\robot_Project\selenium_suit\demo4_suite.robot">
<test id="s1-t1" name="TC1" line="6">
<kw name="Append To Environment Variable" library="OperatingSystem">
<arg>path</arg>
<arg>C:\\LT6\\driver</arg>
<doc>Appends given ``values`` to environment variable ``name``.</doc>
<msg timestamp="20220506 09:45:25.957" level="INFO">Environment variable 'path' set to value 'C:\Program Files\Common Files\Oracle\Java\javapath;C:\WINDOWS\system32;C:\WINDOWS;C:\WINDOWS\System32\Wbem;C:\WINDOWS\System32\WindowsPowerShell\v1.0\;C:\WINDOWS\System32\OpenSSH\;C:\Program Files (x86)\Intel\Intel(R) Management Engine Components\DAL;C:\Program Files\Intel\Intel(R) Management Engine Components\DAL;C:\MinGW\bin;C:\Program Files\Git\cmd;C:\Users\MANOJ\AppData\Local\Programs\Python\Python310\Scripts\;C:\Users\MANOJ\AppData\Local\Programs\Python\Python310\;C:\Users\MANOJ\AppData\Local\Microsoft\WindowsApps;;C:\Users\MANOJ\AppData\Local\Programs\Microsoft VS Code\bin;C:\LT6\driver'.</msg>
<status status="PASS" starttime="20220506 09:45:25.956" endtime="20220506 09:45:25.957"/>
</kw>
<kw name="Open Browser" library="SeleniumLibrary">
<arg>url=https://www.salesforce.com/in/form/signup/freetrial-sales/?d=70130000000Enyk</arg>
<arg>browser=chrome</arg>
<doc>Opens a new browser instance to the optional ``url``.</doc>
<msg timestamp="20220506 09:45:25.957" level="INFO">Opening browser 'chrome' to base url 'https://www.salesforce.com/in/form/signup/freetrial-sales/?d=70130000000Enyk'.</msg>
<status status="PASS" starttime="20220506 09:45:25.957" endtime="20220506 09:45:37.362"/>
</kw>
<kw name="Maximize Browser Window" library="SeleniumLibrary">
<doc>Maximizes current browser window.</doc>
<status status="PASS" starttime="20220506 09:45:37.363" endtime="20220506 09:45:37.693"/>
</kw>
<kw name="Set Selenium Implicit Wait" library="SeleniumLibrary">
<arg>30s</arg>
<doc>Sets the implicit wait value used by Selenium.</doc>
<status status="PASS" starttime="20220506 09:45:37.695" endtime="20220506 09:45:37.702"/>
</kw>
<kw name="Input Text" library="SeleniumLibrary">
<arg>name=UserFirstName</arg>
<arg>manoj</arg>
<doc>Types the given ``text`` into the text field identified by ``locator``.</doc>
<msg timestamp="20220506 09:45:37.703" level="INFO">Typing text 'manoj' into text field 'name=UserFirstName'.</msg>
<status status="PASS" starttime="20220506 09:45:37.702" endtime="20220506 09:45:37.958"/>
</kw>
<kw name="Input Text" library="SeleniumLibrary">
<arg>name=UserLastName</arg>
<arg>kumar</arg>
<doc>Types the given ``text`` into the text field identified by ``locator``.</doc>
<msg timestamp="20220506 09:45:37.969" level="INFO">Typing text 'kumar' into text field 'name=UserLastName'.</msg>
<status status="PASS" starttime="20220506 09:45:37.969" endtime="20220506 09:45:38.329"/>
</kw>
<kw name="Input Text" library="SeleniumLibrary">
<arg>name=UserEmail</arg>
<arg>manoj@gmail.com</arg>
<doc>Types the given ``text`` into the text field identified by ``locator``.</doc>
<msg timestamp="20220506 09:45:38.330" level="INFO">Typing text 'manoj@gmail.com' into text field 'name=UserEmail'.</msg>
<status status="PASS" starttime="20220506 09:45:38.330" endtime="20220506 09:45:38.587"/>
</kw>
<kw name="Select From List By Label" library="SeleniumLibrary">
<arg>name=UserTitle</arg>
<arg>IT Manager</arg>
<doc>Selects options from selection list ``locator`` by ``labels``.</doc>
<msg timestamp="20220506 09:45:38.588" level="INFO">Selecting options from selection list 'name=UserTitle' by label IT Manager.</msg>
<status status="PASS" starttime="20220506 09:45:38.588" endtime="20220506 09:45:38.720"/>
</kw>
<kw name="Input Text" library="SeleniumLibrary">
<arg>name=CompanyName</arg>
<arg>LT</arg>
<doc>Types the given ``text`` into the text field identified by ``locator``.</doc>
<msg timestamp="20220506 09:45:38.721" level="INFO">Typing text 'LT' into text field 'name=CompanyName'.</msg>
<status status="PASS" starttime="20220506 09:45:38.720" endtime="20220506 09:45:38.891"/>
</kw>
<kw name="Select From List By Value" library="SeleniumLibrary">
<arg>name=CompanyEmployees</arg>
<arg>250</arg>
<doc>Selects options from selection list ``locator`` by ``values``.</doc>
<msg timestamp="20220506 09:45:38.898" level="INFO">Selecting options from selection list 'name=CompanyEmployees' by value 250.</msg>
<status status="PASS" starttime="20220506 09:45:38.897" endtime="20220506 09:45:39.033"/>
</kw>
<kw name="Select From List By Label" library="SeleniumLibrary">
<arg>name=CompanyCountry</arg>
<arg>India</arg>
<doc>Selects options from selection list ``locator`` by ``labels``.</doc>
<msg timestamp="20220506 09:45:39.034" level="INFO">Selecting options from selection list 'name=CompanyCountry' by label India.</msg>
<status status="PASS" starttime="20220506 09:45:39.033" endtime="20220506 09:45:39.117"/>
</kw>
<kw name="Click Element" library="SeleniumLibrary">
<arg>xpath=//div[@class='checkbox-ui']</arg>
<doc>Click the element identified by ``locator``.</doc>
<msg timestamp="20220506 09:45:39.118" level="INFO">Clicking element 'xpath=//div[@class='checkbox-ui']'.</msg>
<status status="PASS" starttime="20220506 09:45:39.118" endtime="20220506 09:45:39.235"/>
</kw>
<kw name="Click Element" library="SeleniumLibrary">
<arg>name=start my free trial</arg>
<doc>Click the element identified by ``locator``.</doc>
<msg timestamp="20220506 09:45:39.237" level="INFO">Clicking element 'name=start my free trial'.</msg>
<status status="PASS" starttime="20220506 09:45:39.236" endtime="20220506 09:45:39.598"/>
</kw>
<kw name="Element Text Should Be" library="SeleniumLibrary">
<arg>xpath=//span[contains(@id,'UserPhone')]</arg>
<arg>Enter a valid phone number</arg>
<doc>Verifies that element ``locator`` contains exact the text ``expected``.</doc>
<msg timestamp="20220506 09:45:39.600" level="INFO">Verifying element 'xpath=//span[contains(@id,'UserPhone')]' contains exact text 'Enter a valid phone number'.</msg>
<status status="PASS" starttime="20220506 09:45:39.599" endtime="20220506 09:45:39.775"/>
</kw>
<status status="PASS" starttime="20220506 09:45:25.955" endtime="20220506 09:45:39.775"/>
</test>
<status status="PASS" starttime="20220506 09:45:25.539" endtime="20220506 09:45:39.777"/>
</suite>
<statistics>
<total>
<stat pass="1" fail="0" skip="0">All Tests</stat>
</total>
<tag>
</tag>
<suite>
<stat pass="1" fail="0" skip="0" id="s1" name="Demo4 Suite">Demo4 Suite</stat>
</suite>
</statistics>
<errors>
</errors>
</robot>
