<?xml version="1.0" encoding="UTF-8"?>
<robot generator="Robot 5.0 (Python 3.10.4 on win32)" generated="20220509 13:56:06.621" rpa="false" schemaversion="3">
<suite id="s1" name="Demo3" source="C:\LT6\robot_Project\appiumSuite\demo3.robot">
<test id="s1-t1" name="TC1" line="6">
<kw name="Open Application" library="AppiumLibrary">
<arg>remote_url=http://hub-cloud.browserstack.com/wd/hub</arg>
<arg>browserstack.user=manojparvis_zSVaI6</arg>
<arg>browserstack.key=M9dRwaLXVBvhP7qsDrPU</arg>
<arg>app=bs://ceb84225d81d45c772909507e03b07142356b640</arg>
<arg>device=Google Pixel 3</arg>
<arg>os_version=9.0</arg>
<arg>project=lt6_project_signup</arg>
<arg>build=lt6_build</arg>
<arg>name=khanacademy test</arg>
<doc>Opens a new application to given Appium server.
Capabilities of appium server, Android and iOS,
Please check https://github.com/appium/appium/blob/master/docs/en/writing-running-appium/server-args.md
| *Option*            | *Man.* | *Description*     |
| remote_url          | Yes    | Appium server url |
| alias               | no     | alias             |</doc>
<status status="PASS" starttime="20220509 13:56:07.007" endtime="20220509 13:56:33.399"/>
</kw>
<kw name="Set Appium Timeout" library="AppiumLibrary">
<arg>50s</arg>
<doc>Sets the timeout in seconds used by various keywords.</doc>
<status status="PASS" starttime="20220509 13:56:33.400" endtime="20220509 13:56:33.401"/>
</kw>
<kw name="Wait Until Page Contains Element" library="AppiumLibrary">
<arg>xpath=//*[@text='Dismiss']</arg>
<doc>Waits until element specified with `locator` appears on current page.</doc>
<status status="PASS" starttime="20220509 13:56:33.402" endtime="20220509 13:56:35.929"/>
</kw>
<kw name="Click Element" library="AppiumLibrary">
<arg>xpath=//*[@text='Dismiss']</arg>
<doc>Click element identified by `locator`.</doc>
<msg timestamp="20220509 13:56:35.931" level="INFO">Clicking element 'xpath=//*[@text='Dismiss']'.</msg>
<status status="PASS" starttime="20220509 13:56:35.929" endtime="20220509 13:56:36.952"/>
</kw>
<kw name="Wait Until Page Contains Element" library="AppiumLibrary">
<arg>xpath=//*[@content-desc='Settings']</arg>
<doc>Waits until element specified with `locator` appears on current page.</doc>
<status status="PASS" starttime="20220509 13:56:36.953" endtime="20220509 13:56:37.805"/>
</kw>
<kw name="Click Element" library="AppiumLibrary">
<arg>xpath=//*[@content-desc='Settings']</arg>
<doc>Click element identified by `locator`.</doc>
<msg timestamp="20220509 13:56:37.808" level="INFO">Clicking element 'xpath=//*[@content-desc='Settings']'.</msg>
<status status="PASS" starttime="20220509 13:56:37.806" endtime="20220509 13:56:39.086"/>
</kw>
<kw name="Wait Until Page Contains Element" library="AppiumLibrary">
<arg>xpath=//*[@text='Sign in']</arg>
<doc>Waits until element specified with `locator` appears on current page.</doc>
<status status="PASS" starttime="20220509 13:56:39.086" endtime="20220509 13:56:40.050"/>
</kw>
<kw name="Click Element" library="AppiumLibrary">
<arg>xpath=//*[@text='Sign in']</arg>
<doc>Click element identified by `locator`.</doc>
<msg timestamp="20220509 13:56:40.052" level="INFO">Clicking element 'xpath=//*[@text='Sign in']'.</msg>
<status status="PASS" starttime="20220509 13:56:40.050" endtime="20220509 13:56:41.335"/>
</kw>
<kw name="Wait Until Page Contains Element" library="AppiumLibrary">
<arg>xpath=//*[@text='Sign up with email']</arg>
<doc>Waits until element specified with `locator` appears on current page.</doc>
<status status="PASS" starttime="20220509 13:56:41.336" endtime="20220509 13:56:41.978"/>
</kw>
<kw name="Click Element" library="AppiumLibrary">
<arg>xpath=//*[@text='Sign up with email']</arg>
<doc>Click element identified by `locator`.</doc>
<msg timestamp="20220509 13:56:41.980" level="INFO">Clicking element 'xpath=//*[@text='Sign up with email']'.</msg>
<status status="PASS" starttime="20220509 13:56:41.979" endtime="20220509 13:56:43.030"/>
</kw>
<kw name="Wait Until Page Contains Element" library="AppiumLibrary">
<arg>xpath=//*[@text='First name']</arg>
<doc>Waits until element specified with `locator` appears on current page.</doc>
<status status="PASS" starttime="20220509 13:56:43.031" endtime="20220509 13:56:43.896"/>
</kw>
<kw name="Input Text" library="AppiumLibrary">
<arg>xpath=//*[@text='First name']</arg>
<arg>manoj</arg>
<doc>Types the given `text` into text field identified by `locator`.</doc>
<msg timestamp="20220509 13:56:43.898" level="INFO">Typing text 'manoj' into text field 'xpath=//*[@text='First name']'</msg>
<status status="PASS" starttime="20220509 13:56:43.896" endtime="20220509 13:56:45.808"/>
</kw>
<kw name="Wait Until Page Contains Element" library="AppiumLibrary">
<arg>xpath=//*[@text='Last name']</arg>
<doc>Waits until element specified with `locator` appears on current page.</doc>
<status status="PASS" starttime="20220509 13:56:45.808" endtime="20220509 13:56:46.445"/>
</kw>
<kw name="Input Text" library="AppiumLibrary">
<arg>xpath=//*[@text='Last name']</arg>
<arg>kumar</arg>
<doc>Types the given `text` into text field identified by `locator`.</doc>
<msg timestamp="20220509 13:56:46.448" level="INFO">Typing text 'kumar' into text field 'xpath=//*[@text='Last name']'</msg>
<status status="PASS" starttime="20220509 13:56:46.446" endtime="20220509 13:56:47.786"/>
</kw>
<kw name="Close Application" library="AppiumLibrary" type="TEARDOWN">
<doc>Closes the current application and also close webdriver session.</doc>
<status status="PASS" starttime="20220509 13:56:47.786" endtime="20220509 13:56:49.442"/>
</kw>
<status status="PASS" starttime="20220509 13:56:07.006" endtime="20220509 13:56:49.443"/>
</test>
<status status="PASS" starttime="20220509 13:56:06.625" endtime="20220509 13:56:49.444"/>
</suite>
<statistics>
<total>
<stat pass="1" fail="0" skip="0">All Tests</stat>
</total>
<tag>
</tag>
<suite>
<stat pass="1" fail="0" skip="0" id="s1" name="Demo3">Demo3</stat>
</suite>
</statistics>
<errors>
</errors>
</robot>
