<?xml version="1.0" encoding="UTF-8"?>
<robot generator="Robot 5.0 (Python 3.10.4 on win32)" generated="20220505 10:22:17.903" rpa="false" schemaversion="3">
<suite id="s1" name="Selenium Suit" source="C:\LT6\robot_Project\selenium_suit">
<suite id="s1-s1" name="Demo1 Suite" source="C:\LT6\robot_Project\selenium_suit\demo1_suite.robot">
<test id="s1-s1-t1" name="TC1" line="6">
<kw name="Append To Environment Variable" library="OperatingSystem">
<arg>path</arg>
<arg>C:\\LT6\\driver</arg>
<doc>Appends given ``values`` to environment variable ``name``.</doc>
<msg timestamp="20220505 10:22:18.215" level="INFO">Environment variable 'path' set to value 'C:\Program Files\Common Files\Oracle\Java\javapath;C:\WINDOWS\system32;C:\WINDOWS;C:\WINDOWS\System32\Wbem;C:\WINDOWS\System32\WindowsPowerShell\v1.0\;C:\WINDOWS\System32\OpenSSH\;C:\Program Files (x86)\Intel\Intel(R) Management Engine Components\DAL;C:\Program Files\Intel\Intel(R) Management Engine Components\DAL;C:\MinGW\bin;C:\Program Files\Git\cmd;C:\Users\MANOJ\AppData\Local\Programs\Python\Python310\Scripts\;C:\Users\MANOJ\AppData\Local\Programs\Python\Python310\;C:\Users\MANOJ\AppData\Local\Microsoft\WindowsApps;;C:\Users\MANOJ\AppData\Local\Programs\Microsoft VS Code\bin;C:\LT6\driver'.</msg>
<status status="PASS" starttime="20220505 10:22:18.215" endtime="20220505 10:22:18.215"/>
</kw>
<kw name="Open Browser" library="SeleniumLibrary">
<arg>url=https://www.google.com/</arg>
<arg>browser=chrome</arg>
<doc>Opens a new browser instance to the optional ``url``.</doc>
<msg timestamp="20220505 10:22:18.215" level="INFO">Opening browser 'chrome' to base url 'https://www.google.com/'.</msg>
<status status="PASS" starttime="20220505 10:22:18.215" endtime="20220505 10:22:24.132"/>
</kw>
<status status="PASS" starttime="20220505 10:22:18.215" endtime="20220505 10:22:24.133"/>
</test>
<status status="PASS" starttime="20220505 10:22:17.934" endtime="20220505 10:22:24.136"/>
</suite>
<status status="PASS" starttime="20220505 10:22:17.903" endtime="20220505 10:22:24.144"/>
</suite>
<statistics>
<total>
<stat pass="1" fail="0" skip="0">All Tests</stat>
</total>
<tag>
</tag>
<suite>
<stat pass="1" fail="0" skip="0" id="s1" name="Selenium Suit">Selenium Suit</stat>
<stat pass="1" fail="0" skip="0" id="s1-s1" name="Demo1 Suite">Selenium Suit.Demo1 Suite</stat>
</suite>
</statistics>
<errors>
</errors>
</robot>
